2022-05-10 16:47:41.297 - DBeaver 5.3.5.201902181142 is starting
2022-05-10 16:47:41.300 - OS: Windows 10 10.0 (amd64)
2022-05-10 16:47:41.301 - Java version: 11.0.13 by Oracle Corporation (64bit)
2022-05-10 16:47:41.304 - Install path: 'C:\JSP\resource\dbeaver-ce-5.3.5-win32.win32.x86_64\dbeaver'
2022-05-10 16:47:41.308 - Instance path: 'file:/C:/JSP/workspace/.dbeaver4/'
2022-05-10 16:47:41.310 - Memory available 64Mb/1024Mb
2022-05-10 16:47:41.328 - Starting RMI server at 52695
2022-05-10 16:47:41.391 - Run workbench
2022-05-10 16:47:41.402 - > Start org.eclipse.e4.ui.workbench.swt [0.14.300.v20180906-1121]
2022-05-10 16:47:41.407 - > Start org.eclipse.e4.core.services [2.1.200.v20180817-1215]
2022-05-10 16:47:41.409 - > Start org.eclipse.e4.core.contexts [1.7.100.v20180817-1215]
2022-05-10 16:47:41.417 - > Start org.eclipse.e4.ui.services [1.3.200.v20180906-1121]
2022-05-10 16:47:41.450 - > Start org.eclipse.e4.ui.di [1.2.300.v20180906-1121]
2022-05-10 16:47:41.489 - > Start org.eclipse.emf.common [2.15.0.v20180723-1316]
2022-05-10 16:47:41.503 - > Start org.eclipse.emf.ecore [2.15.0.v20180722-1159]
2022-05-10 16:47:41.547 - > Start org.eclipse.emf.ecore.xmi [2.15.0.v20180706-1146]
2022-05-10 16:47:41.689 - > Start org.eclipse.core.filesystem [1.7.200.v20180828-0158]
2022-05-10 16:47:41.745 - > Start org.eclipse.core.resources [3.13.100.v20180828-0158]
2022-05-10 16:47:41.889 - > Start org.eclipse.e4.ui.workbench.addons.swt [1.3.200.v20180828-0227]
2022-05-10 16:47:41.904 - > Start org.eclipse.core.expressions [3.6.200.v20180817-1401]
2022-05-10 16:47:41.920 - > Start org.eclipse.e4.ui.workbench.renderers.swt [0.14.300.v20180828-0227]
2022-05-10 16:47:42.018 - > Start org.eclipse.e4.ui.bindings [0.12.200.v20180828-0227]
2022-05-10 16:47:42.074 - > Start org.eclipse.e4.core.di.extensions [0.15.200.v20180817-1215]
2022-05-10 16:47:42.079 - > Start org.eclipse.ui.ide [3.14.100.v20180828-1350]
2022-05-10 16:47:42.352 - > Start org.eclipse.e4.ui.css.swt [0.13.200.v20180828-0227]
2022-05-10 16:47:42.413 - > Start org.eclipse.e4.ui.css.swt.theme [0.12.100.v20180828-0227]
2022-05-10 16:47:42.799 - Initializing DBeaver 5.3.5
2022-05-10 16:47:42.801 - Host plugin: org.jkiss.dbeaver.core.application 5.3.5.201902181142
2022-05-10 16:47:42.803 - Initialize Core...
2022-05-10 16:47:42.809 - Can't find BC security provider. Use default JCE.
2022-05-10 16:47:42.811 - BouncyCastle not registered, using the default JCE provider
2022-05-10 16:47:42.816 - Language for locale 'ko_KR' not found. Use default.
2022-05-10 16:47:42.889 - > Start org.eclipse.team.core [3.8.300.v20180827-1041]
2022-05-10 16:47:42.899 - > Start org.jkiss.dbeaver.ui.navigator [1.0.3.201902181142]
Warning: NLS unused message: actions_ContentAssistTip_description in: org.jkiss.dbeaver.core.CoreResources
Warning: NLS unused message: actions_navigator__objects in: org.jkiss.dbeaver.core.CoreResources
Warning: NLS unused message: actions_navigator_copy_object_copy_node in: org.jkiss.dbeaver.core.CoreResources
Warning: NLS unused message: actions_navigator_copy_object_copy_objects in: org.jkiss.dbeaver.core.CoreResources
Warning: NLS unused message: actions_navigator_create_folder_error_message in: org.jkiss.dbeaver.core.CoreResources
Warning: NLS unused message: actions_navigator_create_folder_error_title in: org.jkiss.dbeaver.core.CoreResources
Warning: NLS unused message: actions_navigator_create_folder_folder_name in: org.jkiss.dbeaver.core.CoreResources
Warning: NLS unused message: actions_navigator_delete_objects in: org.jkiss.dbeaver.core.CoreResources
Warning: NLS unused message: actions_navigator_delete_script in: org.jkiss.dbeaver.core.CoreResources
Warning: NLS unused message: actions_navigator_error_dialog_delete_object_title in: org.jkiss.dbeaver.core.CoreResources
Warning: NLS unused message: actions_navigator_error_dialog_open_entity_title in: org.jkiss.dbeaver.core.CoreResources
Warning: NLS unused message: actions_navigator_error_dialog_open_resource_title in: org.jkiss.dbeaver.core.CoreResources
Warning: NLS unused message: actions_navigator_view_script_button in: org.jkiss.dbeaver.core.CoreResources
Warning: NLS unused message: confirm_order_resultset_message in: org.jkiss.dbeaver.core.CoreResources
Warning: NLS unused message: confirm_order_resultset_title in: org.jkiss.dbeaver.core.CoreResources
Warning: NLS unused message: confirm_order_resultset_toggleMessage in: org.jkiss.dbeaver.core.CoreResources
Warning: NLS unused message: controls_querylog_action_clear_log in: org.jkiss.dbeaver.core.CoreResources
Warning: NLS unused message: controls_querylog_action_copy in: org.jkiss.dbeaver.core.CoreResources
Warning: NLS unused message: controls_querylog_action_copy_all_fields in: org.jkiss.dbeaver.core.CoreResources
Warning: NLS unused message: controls_querylog_action_select_all in: org.jkiss.dbeaver.core.CoreResources
Warning: NLS unused message: controls_querylog_column_duration_name in: org.jkiss.dbeaver.core.CoreResources
Warning: NLS unused message: controls_querylog_column_duration_tooltip in: org.jkiss.dbeaver.core.CoreResources
Warning: NLS unused message: controls_querylog_column_result_name in: org.jkiss.dbeaver.core.CoreResources
Warning: NLS unused message: controls_querylog_column_result_tooltip in: org.jkiss.dbeaver.core.CoreResources
Warning: NLS unused message: controls_querylog_column_text_name in: org.jkiss.dbeaver.core.CoreResources
Warning: NLS unused message: controls_querylog_column_text_tooltip in: org.jkiss.dbeaver.core.CoreResources
Warning: NLS unused message: controls_querylog_column_time_name in: org.jkiss.dbeaver.core.CoreResources
Warning: NLS unused message: controls_querylog_column_time_tooltip in: org.jkiss.dbeaver.core.CoreResources
Warning: NLS unused message: controls_querylog_column_type_name in: org.jkiss.dbeaver.core.CoreResources
Warning: NLS unused message: controls_querylog_column_type_tooltip in: org.jkiss.dbeaver.core.CoreResources
Warning: NLS unused message: controls_querylog_format_minutes in: org.jkiss.dbeaver.core.CoreResources
2022-05-10 16:47:43.129 - Total database drivers: 70 (70)
2022-05-10 16:47:43.156 - > Start org.eclipse.equinox.security [1.2.500.v20180827-1235]
2022-05-10 16:47:43.169 - > Start org.eclipse.ui.net [1.3.300.v20180827-1041]
2022-05-10 16:47:43.171 - Proxy service 'org.eclipse.core.net.proxy.IProxyService' loaded
2022-05-10 16:47:43.174 - > Start org.eclipse.core.net [1.3.300.v20180827-1041]
2022-05-10 16:47:43.176 - Core initialized (373ms)
2022-05-10 16:47:43.178 - Configure workbench window
2022-05-10 16:47:43.186 - > Start org.eclipse.help [3.8.200.v20180821-0700]
2022-05-10 16:47:44.582 - Create actions
2022-05-10 16:47:44.585 - Disable Eclipse action set 'org.eclipse.ui.edit.text.actionSet.annotationNavigation'
2022-05-10 16:47:44.589 - Disable Eclipse action set 'org.eclipse.ui.WorkingSetActionSet'
2022-05-10 16:47:44.623 - > Start org.eclipse.ui.editors [3.11.200.v20180822-1511]
2022-05-10 16:47:44.625 - > Start org.eclipse.core.filebuffers [3.6.300.v20180822-1339]
2022-05-10 16:47:44.959 - > Start org.eclipse.search [3.11.300.v20180822-1339]
2022-05-10 16:47:44.977 - > Start org.eclipse.ui.workbench.texteditor [3.11.100.v20180824-1030]
2022-05-10 16:47:44.993 - Initialize workbench window
2022-05-10 16:47:45.006 - Finish initialization
2022-05-10 16:47:45.084 - > Start org.jkiss.dbeaver.ui.editors.base [1.0.3.201902181142]
2022-05-10 16:47:45.192 - > Start org.jkiss.dbeaver.ui.editors.sql [1.0.3.201902181142]
2022-05-10 16:47:45.259 - > Start org.jkiss.dbeaver.ext.erd [2.0.105.201902181142]
2022-05-10 16:47:45.653 - > Start org.eclipse.compare.core [3.6.300.v20180827-1041]
2022-05-10 16:47:45.713 - > Start org.jkiss.dbeaver.ui.editors.data [1.0.3.201902181142]
Warning: NLS unused message: controls_resultset_viewer_action_reset_value in: org.jkiss.dbeaver.ui.controls.resultset.internal.ResultSetMessages
2022-05-10 16:47:46.353 - > Start org.eclipse.equinox.p2.core [2.5.100.v20180822-1532]
2022-05-10 16:47:46.355 - > Start org.eclipse.equinox.p2.operations [2.5.100.v20180822-1302]
2022-05-10 16:47:46.361 - > Start org.eclipse.equinox.p2.engine [2.6.100.v20180822-1302]
2022-05-10 16:47:46.368 - > Start org.eclipse.equinox.p2.metadata [2.4.100.v20180822-1302]
2022-05-10 16:47:46.379 - > Start org.eclipse.equinox.p2.ui.sdk.scheduler [1.4.100.v20180827-1122]
2022-05-10 16:47:46.382 - > Start org.eclipse.equinox.p2.updatechecker [1.2.100.v20180827-1122]
2022-05-10 16:47:46.392 - > Start org.eclipse.equinox.p2.metadata.repository [1.3.100.v20180822-1302]
2022-05-10 16:47:46.394 - > Start org.eclipse.equinox.p2.repository [2.4.100.v20180822-1354]
2022-05-10 16:47:46.592 - > Start org.jkiss.dbeaver.ext.sample.database [1.0.40.201902181142]
2022-05-10 16:47:46.596 - > Start org.jkiss.dbeaver.ext.ui.tipoftheday [1.0.9.201902181142]
2022-05-10 16:47:46.639 - > Start org.eclipse.equinox.p2.ui [2.5.200.v20180822-1357]
2022-05-10 16:47:46.728 - Connect with 'Oracle - XE' (oracle_thin-17fb4d33b1f-6ad89ec1b635939b)
2022-05-10 16:47:46.733 - > Start org.jkiss.dbeaver.ext.oracle [2.1.88.201902181142]
2022-05-10 16:47:47.547 - Connected (oracle_thin-17fb4d33b1f-6ad89ec1b635939b, Oracle JDBC driver [11.2.0.2.0])
2022-05-10 16:47:54.633 - null
org.jkiss.dbeaver.DBException: Can't open project 'General'
	at org.jkiss.dbeaver.model.navigator.DBNProject.readChildNodes(DBNProject.java:136)
	at org.jkiss.dbeaver.model.navigator.DBNResource.getChildren(DBNResource.java:143)
	at org.jkiss.dbeaver.ui.navigator.NavigatorUtils.getNodeChildrenFiltered(NavigatorUtils.java:560)
	at org.jkiss.dbeaver.ui.navigator.database.DatabaseNavigatorContentProvider.getChildren(DatabaseNavigatorContentProvider.java:118)
	at org.eclipse.jface.viewers.AbstractTreeViewer.getRawChildren(AbstractTreeViewer.java:1422)
	at org.eclipse.jface.viewers.TreeViewer.getRawChildren(TreeViewer.java:350)
	at org.eclipse.jface.viewers.StructuredViewer.getFilteredChildren(StructuredViewer.java:903)
	at org.eclipse.jface.viewers.AbstractTreeViewer.getSortedChildren(AbstractTreeViewer.java:621)
	at org.eclipse.jface.viewers.AbstractTreeViewer.createChildren(AbstractTreeViewer.java:815)
	at org.eclipse.jface.viewers.TreeViewer.createChildren(TreeViewer.java:604)
	at org.eclipse.jface.viewers.AbstractTreeViewer.createChildren(AbstractTreeViewer.java:766)
	at org.eclipse.jface.viewers.AbstractTreeViewer.handleTreeExpand(AbstractTreeViewer.java:1541)
	at org.eclipse.jface.viewers.TreeViewer.handleTreeExpand(TreeViewer.java:889)
	at org.jkiss.dbeaver.ui.navigator.database.DatabaseNavigatorTree$1.handleTreeExpand(DatabaseNavigatorTree.java:158)
	at org.eclipse.jface.viewers.AbstractTreeViewer$3.treeExpanded(AbstractTreeViewer.java:1553)
	at org.eclipse.swt.widgets.TypedListener.handleEvent(TypedListener.java:136)
	at org.eclipse.swt.widgets.EventTable.sendEvent(EventTable.java:89)
	at org.eclipse.swt.widgets.Display.sendEvent(Display.java:4145)
	at org.eclipse.swt.widgets.Widget.sendEvent(Widget.java:1055)
	at org.eclipse.swt.widgets.Widget.sendEvent(Widget.java:1079)
	at org.eclipse.swt.widgets.Widget.sendEvent(Widget.java:1064)
	at org.eclipse.swt.widgets.Tree.wmNotifyChild(Tree.java:7535)
	at org.eclipse.swt.widgets.Control.wmNotify(Control.java:5809)
	at org.eclipse.swt.widgets.Composite.wmNotify(Composite.java:2004)
	at org.eclipse.swt.widgets.Control.WM_NOTIFY(Control.java:5367)
	at org.eclipse.swt.widgets.Control.windowProc(Control.java:4824)
	at org.eclipse.swt.widgets.Display.windowProc(Display.java:4784)
	at org.eclipse.swt.internal.win32.OS.CallWindowProcW(Native Method)
	at org.eclipse.swt.internal.win32.OS.CallWindowProc(OS.java:2203)
	at org.eclipse.swt.widgets.Tree.callWindowProc(Tree.java:1554)
	at org.eclipse.swt.widgets.Tree.WM_LBUTTONDOWN(Tree.java:6431)
	at org.eclipse.swt.widgets.Control.windowProc(Control.java:4804)
	at org.eclipse.swt.widgets.Tree.windowProc(Tree.java:5963)
	at org.eclipse.swt.widgets.Display.windowProc(Display.java:4784)
	at org.eclipse.swt.internal.win32.OS.DispatchMessageW(Native Method)
	at org.eclipse.swt.internal.win32.OS.DispatchMessage(OS.java:2309)
	at org.eclipse.swt.widgets.Display.readAndDispatch(Display.java:3559)
	at org.eclipse.e4.ui.internal.workbench.swt.PartRenderingEngine$5.run(PartRenderingEngine.java:1173)
	at org.eclipse.core.databinding.observable.Realm.runWithDefault(Realm.java:339)
	at org.eclipse.e4.ui.internal.workbench.swt.PartRenderingEngine.run(PartRenderingEngine.java:1062)
	at org.eclipse.e4.ui.internal.workbench.E4Workbench.createAndRunUI(E4Workbench.java:156)
	at org.eclipse.ui.internal.Workbench.lambda$3(Workbench.java:628)
	at org.eclipse.core.databinding.observable.Realm.runWithDefault(Realm.java:339)
	at org.eclipse.ui.internal.Workbench.createAndRunWorkbench(Workbench.java:563)
	at org.eclipse.ui.PlatformUI.createAndRunWorkbench(PlatformUI.java:151)
	at org.jkiss.dbeaver.core.application.DBeaverApplication.start(DBeaverApplication.java:161)
	at org.eclipse.equinox.internal.app.EclipseAppHandle.run(EclipseAppHandle.java:199)
	at org.eclipse.core.runtime.internal.adaptor.EclipseAppLauncher.runApplication(EclipseAppLauncher.java:137)
	at org.eclipse.core.runtime.internal.adaptor.EclipseAppLauncher.start(EclipseAppLauncher.java:107)
	at org.eclipse.core.runtime.adaptor.EclipseStarter.run(EclipseStarter.java:391)
	at org.eclipse.core.runtime.adaptor.EclipseStarter.run(EclipseStarter.java:246)
	at java.base/jdk.internal.reflect.NativeMethodAccessorImpl.invoke0(Native Method)
	at java.base/jdk.internal.reflect.NativeMethodAccessorImpl.invoke(NativeMethodAccessorImpl.java:62)
	at java.base/jdk.internal.reflect.DelegatingMethodAccessorImpl.invoke(DelegatingMethodAccessorImpl.java:43)
	at java.base/java.lang.reflect.Method.invoke(Method.java:566)
	at org.eclipse.equinox.launcher.Main.invokeFramework(Main.java:659)
	at org.eclipse.equinox.launcher.Main.basicRun(Main.java:595)
	at org.eclipse.equinox.launcher.Main.run(Main.java:1501)
	at org.eclipse.equinox.launcher.Main.main(Main.java:1474)
Caused by: org.eclipse.core.internal.resources.ResourceException: The project description file (.project) for 'General' is missing.  This file contains important information about the project.  The project will not function properly until this file is restored.
	at org.eclipse.core.internal.localstore.FileSystemResourceManager.read(FileSystemResourceManager.java:906)
	at org.eclipse.core.internal.resources.SaveManager.restoreMetaInfo(SaveManager.java:889)
	at org.eclipse.core.internal.resources.SaveManager.restore(SaveManager.java:760)
	at org.eclipse.core.internal.resources.Project.open(Project.java:1064)
	at org.eclipse.core.internal.resources.Project.open(Project.java:1110)
	at org.jkiss.dbeaver.model.navigator.DBNProject.readChildNodes(DBNProject.java:133)
	... 58 more
Caused by: java.lang.Exception: The project description file (.project) for 'General' is missing.  This file contains important information about the project.  The project will not function properly until this file is restored.
	at org.eclipse.core.internal.resources.ResourceException.provideStackTrace(ResourceException.java:42)
	at org.eclipse.core.internal.resources.ResourceException.<init>(ResourceException.java:38)
	... 64 more
2022-05-10 16:48:02.808 - org.eclipse.core.internal.resources.ResourceException: Project 'General' is not open.
org.eclipse.core.internal.resources.ResourceException(/General)[372]: java.lang.Exception: Project 'General' is not open.
	at org.eclipse.core.internal.resources.ResourceException.provideStackTrace(ResourceException.java:42)
	at org.eclipse.core.internal.resources.ResourceException.<init>(ResourceException.java:38)
	at org.eclipse.core.internal.resources.Project.checkAccessible(Project.java:148)
	at org.eclipse.core.internal.resources.Project.getDescription(Project.java:393)
	at org.jkiss.dbeaver.model.navigator.DBNProject.getNodeDescription(DBNProject.java:81)
	at org.jkiss.dbeaver.ui.navigator.database.NavigatorViewBase.onSelectionChange(NavigatorViewBase.java:192)
	at org.jkiss.dbeaver.ui.navigator.database.NavigatorViewBase.lambda$0(NavigatorViewBase.java:114)
	at org.eclipse.jface.viewers.Viewer$1.run(Viewer.java:158)
	at org.eclipse.core.runtime.SafeRunner.run(SafeRunner.java:45)
	at org.eclipse.ui.internal.JFaceUtil.lambda$0(JFaceUtil.java:47)
	at org.eclipse.jface.util.SafeRunnable.run(SafeRunnable.java:176)
	at org.eclipse.jface.viewers.Viewer.fireSelectionChanged(Viewer.java:155)
	at org.eclipse.jface.viewers.StructuredViewer.updateSelection(StructuredViewer.java:2182)
	at org.eclipse.jface.viewers.StructuredViewer.handleSelect(StructuredViewer.java:1225)
	at org.eclipse.jface.viewers.StructuredViewer$4.widgetSelected(StructuredViewer.java:1254)
	at org.eclipse.jface.util.OpenStrategy.fireSelectionEvent(OpenStrategy.java:243)
	at org.eclipse.jface.util.OpenStrategy.access$4(OpenStrategy.java:238)
	at org.eclipse.jface.util.OpenStrategy$1.handleEvent(OpenStrategy.java:403)
	at org.eclipse.swt.widgets.EventTable.sendEvent(EventTable.java:89)
	at org.eclipse.swt.widgets.Display.sendEvent(Display.java:4145)
	at org.eclipse.swt.widgets.Widget.sendEvent(Widget.java:1055)
	at org.eclipse.swt.widgets.Display.runDeferredEvents(Display.java:3958)
	at org.eclipse.swt.widgets.Display.readAndDispatch(Display.java:3561)
	at org.eclipse.e4.ui.internal.workbench.swt.PartRenderingEngine$5.run(PartRenderingEngine.java:1173)
	at org.eclipse.core.databinding.observable.Realm.runWithDefault(Realm.java:339)
	at org.eclipse.e4.ui.internal.workbench.swt.PartRenderingEngine.run(PartRenderingEngine.java:1062)
	at org.eclipse.e4.ui.internal.workbench.E4Workbench.createAndRunUI(E4Workbench.java:156)
	at org.eclipse.ui.internal.Workbench.lambda$3(Workbench.java:628)
	at org.eclipse.core.databinding.observable.Realm.runWithDefault(Realm.java:339)
	at org.eclipse.ui.internal.Workbench.createAndRunWorkbench(Workbench.java:563)
	at org.eclipse.ui.PlatformUI.createAndRunWorkbench(PlatformUI.java:151)
	at org.jkiss.dbeaver.core.application.DBeaverApplication.start(DBeaverApplication.java:161)
	at org.eclipse.equinox.internal.app.EclipseAppHandle.run(EclipseAppHandle.java:199)
	at org.eclipse.core.runtime.internal.adaptor.EclipseAppLauncher.runApplication(EclipseAppLauncher.java:137)
	at org.eclipse.core.runtime.internal.adaptor.EclipseAppLauncher.start(EclipseAppLauncher.java:107)
	at org.eclipse.core.runtime.adaptor.EclipseStarter.run(EclipseStarter.java:391)
	at org.eclipse.core.runtime.adaptor.EclipseStarter.run(EclipseStarter.java:246)
	at java.base/jdk.internal.reflect.NativeMethodAccessorImpl.invoke0(Native Method)
	at java.base/jdk.internal.reflect.NativeMethodAccessorImpl.invoke(NativeMethodAccessorImpl.java:62)
	at java.base/jdk.internal.reflect.DelegatingMethodAccessorImpl.invoke(DelegatingMethodAccessorImpl.java:43)
	at java.base/java.lang.reflect.Method.invoke(Method.java:566)
	at org.eclipse.equinox.launcher.Main.invokeFramework(Main.java:659)
	at org.eclipse.equinox.launcher.Main.basicRun(Main.java:595)
	at org.eclipse.equinox.launcher.Main.run(Main.java:1501)
	at org.eclipse.equinox.launcher.Main.main(Main.java:1474)
2022-05-10 16:49:41.226 - DBeaver is stopping
2022-05-10 16:49:41.228 - Stop RMI server
